<?xml version="1.0" encoding="UTF-8"?>
<!-- Generated by org.testng.reporters.JUnitReportReporter -->
<testsuite hostname="DESKTOP-9B87PDH" failures="0" tests="2" name="Test.MavenJava.Appiumtest" time="0.018" errors="0" timestamp="2021-05-28T18:47:39 IST" skipped="0">
  <testcase classname="Test.MavenJava.Appiumtest" name="nativeAppAndroid" time="0.004"/>
  <system-out/>
  <testcase classname="Test.MavenJava.Appiumtest" name="IOSApps" time="0.014"/>
  <system-out/>
</testsuite> <!-- Test.MavenJava.Appiumtest -->
