<?xml version="1.0" encoding="UTF-8"?>
<!-- Generated by org.testng.reporters.JUnitReportReporter -->
<testsuite skipped="0" hostname="DESKTOP-9B87PDH" name="Test.MavenJava.AppiumTest" tests="2" failures="0" timestamp="2021-05-28T19:51:06 IST" time="0.010" errors="0">
  <testcase name="nativeAppAndroid" time="0.000" classname="Test.MavenJava.AppiumTest"/>
  <system-out/>
  <testcase name="IOSApps" time="0.010" classname="Test.MavenJava.AppiumTest"/>
  <system-out/>
</testsuite> <!-- Test.MavenJava.AppiumTest -->
