<?xml version="1.0" encoding="UTF-8"?>
<!-- Generated by org.testng.reporters.JUnitReportReporter -->
<testsuite skipped="0" hostname="DESKTOP-9B87PDH" name="Test.MavenJava.SeleniumTest" tests="2" failures="0" timestamp="2021-05-28T19:51:06 IST" time="0.001" errors="0">
  <testcase name="elementUi" time="0.001" classname="Test.MavenJava.SeleniumTest"/>
  <system-out/>
  <testcase name="BrowserAutomation" time="0.000" classname="Test.MavenJava.SeleniumTest"/>
  <system-out/>
</testsuite> <!-- Test.MavenJava.SeleniumTest -->
