<?xml version="1.0" encoding="UTF-8"?>
<!-- Generated by org.testng.reporters.JUnitReportReporter -->
<testsuite skipped="0" hostname="DESKTOP-9B87PDH" name="Test.MavenJava.RESTAPITest" tests="2" failures="0" timestamp="2021-05-28T19:50:39 IST" time="0.011" errors="0">
  <testcase name="postJira" time="0.010" classname="Test.MavenJava.RESTAPITest"/>
  <system-out/>
  <testcase name="deleteTwitter" time="0.001" classname="Test.MavenJava.RESTAPITest"/>
  <system-out/>
</testsuite> <!-- Test.MavenJava.RESTAPITest -->
